<?xml version="1.0" encoding="UTF-8"?>
<!-- Generated by org.testng.reporters.JUnitReportReporter -->
<testsuite skipped="0" hostname="idea-PC" name="com.scp.qa.tests.GetApiTest" tests="2" failures="0" timestamp="15 Aug 2018 08:49:22 GMT" time="3.325" errors="0">
  <testcase name="getAPITestWithoutHeaders" time="2.118" classname="com.scp.qa.tests.GetApiTest"/>
  <testcase name="getAPITestWithHeader" time="1.207" classname="com.scp.qa.tests.GetApiTest"/>
</testsuite> <!-- com.scp.qa.tests.GetApiTest -->
