<?xml version="1.0" encoding="UTF-8"?>
<!-- Generated by org.testng.reporters.JUnitReportReporter -->
<testsuite skipped="0" hostname="idea-PC" name="com.scp.restassu.Test1" tests="1" failures="0" timestamp="29 May 2018 16:39:13 GMT" time="2.861" errors="0">
  <testcase name="getCall" time="2.861" classname="com.scp.restassu.Test1"/>
</testsuite> <!-- com.scp.restassu.Test1 -->
