<?xml version="1.0" encoding="UTF-8"?>
<!-- Generated by org.testng.reporters.JUnitReportReporter -->
<testsuite skipped="0" hostname="idea-PC" name="com.scp.qa.tests.PostApiTest" tests="1" failures="0" timestamp="09 May 2018 05:17:12 GMT" time="2.095" errors="0">
  <testcase name="postapiTest" time="2.095" classname="com.scp.qa.tests.PostApiTest"/>
</testsuite> <!-- com.scp.qa.tests.PostApiTest -->
