<?xml version="1.0" encoding="UTF-8"?>
<!-- Generated by org.testng.reporters.JUnitReportReporter -->
<testsuite skipped="0" hostname="idea-PC" name="com.scp.qa.tests.PutApiTest" tests="1" failures="0" timestamp="10 Apr 2018 05:43:48 GMT" time="2.356" errors="0">
  <testcase name="put" time="2.356" classname="com.scp.qa.tests.PutApiTest"/>
</testsuite> <!-- com.scp.qa.tests.PutApiTest -->
